
Attaching package: ‘dplyr’

The following objects are masked from ‘package:data.table’:

    between, first, last

The following objects are masked from ‘package:stats’:

    filter, lag

The following objects are masked from ‘package:base’:

    intersect, setdiff, setequal, union


Attaching package: ‘arrow’

The following object is masked from ‘package:utils’:

    timestamp

Loading required package: nnls
Loading required namespace: nnet
Loading required namespace: earth
Loading required namespace: xgboost
Loading required namespace: ranger
Warning messages:
1: glm.fit: fitted probabilities numerically 0 or 1 occurred 
2: glm.fit: fitted probabilities numerically 0 or 1 occurred 
3: glm.fit: fitted probabilities numerically 0 or 1 occurred 
4: glm.fit: fitted probabilities numerically 0 or 1 occurred 
5: glm.fit: fitted probabilities numerically 0 or 1 occurred 
6: glm.fit: fitted probabilities numerically 0 or 1 occurred 

