── Attaching core tidyverse packages ──────────────────────── tidyverse 2.0.0 ──
✔ dplyr     1.1.3     ✔ readr     2.1.4
✔ forcats   1.0.0     ✔ stringr   1.5.1
✔ ggplot2   3.4.3     ✔ tibble    3.2.1
✔ lubridate 1.9.2     ✔ tidyr     1.3.0
✔ purrr     1.0.4     
── Conflicts ────────────────────────────────────────── tidyverse_conflicts() ──
✖ dplyr::filter() masks stats::filter()
✖ dplyr::lag()    masks stats::lag()
ℹ Use the conflicted package (<http://conflicted.r-lib.org/>) to force all conflicts to become errors
collapse 2.0.15, see ?`collapse-package` or ?`collapse-documentation`

Attaching package: ‘collapse’

The following object is masked from ‘package:lubridate’:

    is.Date

The following object is masked from ‘package:tidyr’:

    replace_na

The following object is masked from ‘package:stats’:

    D


Attaching package: ‘arrow’

The following object is masked from ‘package:lubridate’:

    duration

The following object is masked from ‘package:utils’:

    timestamp

Joining with `by = join_by(BENE_ID)`
Joining with `by = join_by(BENE_ID)`
Joining with `by = join_by(BENE_ID)`
Joining with `by = join_by(BENE_ID)`
Joining with `by = join_by(BENE_ID)`
Joining with `by = join_by(BENE_ID)`
Joining with `by = join_by(BENE_ID)`
Joining with `by = join_by(BENE_ID)`
Joining with `by = join_by(BENE_ID)`
Joining with `by = join_by(BENE_ID)`
Joining with `by = join_by(BENE_ID)`
Joining with `by = join_by(BENE_ID)`
Joining with `by = join_by(BENE_ID)`
Joining with `by = join_by(BENE_ID)`
Joining with `by = join_by(BENE_ID)`
Joining with `by = join_by(BENE_ID)`
Joining with `by = join_by(BENE_ID)`
Joining with `by = join_by(BENE_ID)`
