── Attaching core tidyverse packages ──────────────────────── tidyverse 2.0.0 ──
✔ dplyr     1.1.3     ✔ readr     2.1.4
✔ forcats   1.0.0     ✔ stringr   1.5.1
✔ ggplot2   3.4.3     ✔ tibble    3.2.1
✔ lubridate 1.9.2     ✔ tidyr     1.3.0
✔ purrr     1.0.4     
── Conflicts ────────────────────────────────────────── tidyverse_conflicts() ──
✖ dplyr::filter() masks stats::filter()
✖ dplyr::lag()    masks stats::lag()
ℹ Use the conflicted package (<http://conflicted.r-lib.org/>) to force all conflicts to become errors
collapse 2.0.15, see ?`collapse-package` or ?`collapse-documentation`

Attaching package: ‘collapse’

The following object is masked from ‘package:lubridate’:

    is.Date

The following object is masked from ‘package:tidyr’:

    replace_na

The following object is masked from ‘package:stats’:

    D


Attaching package: ‘data.table’

The following object is masked from ‘package:collapse’:

    fdroplevels

The following objects are masked from ‘package:lubridate’:

    hour, isoweek, mday, minute, month, quarter, second, wday, week,
    yday, year

The following objects are masked from ‘package:dplyr’:

    between, first, last

The following object is masked from ‘package:purrr’:

    transpose


Attaching package: ‘arrow’

The following object is masked from ‘package:lubridate’:

    duration

The following object is masked from ‘package:utils’:

    timestamp

left join: out[BENE_ID] 1888922/1888922 (100%) <1:1st> elt[BENE_ID] 1888922/1888922 (100%)
left join: out[BENE_ID] 1888922/1888922 (100%) <1:1st> elt[BENE_ID] 1888922/1888922 (100%)
left join: out[BENE_ID] 1888922/1888922 (100%) <1:1st> elt[BENE_ID] 1888922/1888922 (100%)
left join: out[BENE_ID] 1789958/1888922 (94.8%) <1:1st> elt[BENE_ID] 1789958/1789958 (100%)
left join: cohort[BENE_ID] 852807/852807 (100%) <1:1st> exposures[BENE_ID] 852807/1888922 (45.1%)
left join: x[BENE_ID] 852807/852807 (100%) <1:1st> outcomes[BENE_ID] 852807/1888922 (45.1%)
left join: x[BENE_ID] 852807/852807 (100%) <1:1st> hillary[BENE_ID] 852807/1888922 (45.1%)
left join: x[BENE_ID] 852807/852807 (100%) <1:1st> cens[BENE_ID] 852807/1888922 (45.1%)
left join: x[BENE_ID] 852807/852807 (100%) <1:1st> chronic_pain[BENE_ID] 852807/1888922 (45.1%)
left join: x[BENE_ID] 852807/852807 (100%) <1:1st> prolonged_opioid_use[BENE_ID] 852807/6193266 (13.8%)
Joining with `by = join_by(BENE_ID)`
Joining with `by = join_by(BENE_ID)`
left join: out[BENE_ID] 1888922/1888922 (100%) <1:1st> elt[BENE_ID] 1888922/1888922 (100%)
left join: out[BENE_ID] 1888922/1888922 (100%) <1:1st> elt[BENE_ID] 1888922/1888922 (100%)
left join: out[BENE_ID] 1888922/1888922 (100%) <1:1st> elt[BENE_ID] 1888922/1888922 (100%)
left join: out[BENE_ID] 1789958/1888922 (94.8%) <1:1st> elt[BENE_ID] 1789958/1789958 (100%)
left join: cohort[BENE_ID] 852807/852807 (100%) <1:1st> exposures[BENE_ID] 852807/1888922 (45.1%)
left join: x[BENE_ID] 852807/852807 (100%) <1:1st> outcomes[BENE_ID] 852807/1888922 (45.1%)
left join: x[BENE_ID] 852807/852807 (100%) <1:1st> hillary[BENE_ID] 852807/1888922 (45.1%)
left join: x[BENE_ID] 852807/852807 (100%) <1:1st> cens[BENE_ID] 852807/1888922 (45.1%)
left join: x[BENE_ID] 852807/852807 (100%) <1:1st> chronic_pain[BENE_ID] 852807/1888922 (45.1%)
left join: x[BENE_ID] 852807/852807 (100%) <1:1st> prolonged_opioid_use[BENE_ID] 852807/6193266 (13.8%)
Joining with `by = join_by(BENE_ID)`
Joining with `by = join_by(BENE_ID)`
