collapse 2.0.15, see ?`collapse-package` or ?`collapse-documentation`

Attaching package: ‘collapse’

The following object is masked from ‘package:stats’:

    D

── Attaching core tidyverse packages ──────────────────────── tidyverse 2.0.0 ──
✔ dplyr     1.1.3     ✔ readr     2.1.4
✔ forcats   1.0.0     ✔ stringr   1.5.1
✔ ggplot2   3.4.3     ✔ tibble    3.2.1
✔ lubridate 1.9.2     ✔ tidyr     1.3.0
✔ purrr     1.0.4     
── Conflicts ────────────────────────────────────────── tidyverse_conflicts() ──
✖ dplyr::filter()      masks stats::filter()
✖ lubridate::is.Date() masks collapse::is.Date()
✖ dplyr::lag()         masks stats::lag()
✖ tidyr::replace_na()  masks collapse::replace_na()
ℹ Use the conflicted package (<http://conflicted.r-lib.org/>) to force all conflicts to become errors

Attaching package: ‘data.table’

The following objects are masked from ‘package:lubridate’:

    hour, isoweek, mday, minute, month, quarter, second, wday, week,
    yday, year

The following objects are masked from ‘package:dplyr’:

    between, first, last

The following object is masked from ‘package:purrr’:

    transpose

The following object is masked from ‘package:collapse’:

    fdroplevels


Attaching package: ‘arrow’

The following object is masked from ‘package:lubridate’:

    duration

The following object is masked from ‘package:utils’:

    timestamp

Joining with `by = join_by(BENE_ID)`
Joining with `by = join_by(BENE_ID, last_treatment_dt)`
Joining with `by = join_by(BENE_ID)`
Joining with `by = join_by(BENE_ID)`
Joining with `by = join_by(BENE_ID)`
Joining with `by = join_by(BENE_ID)`
Joining with `by = join_by(BENE_ID, last_treatment_dt)`
Joining with `by = join_by(BENE_ID)`
Joining with `by = join_by(BENE_ID)`
Joining with `by = join_by(BENE_ID)`
